<?xml version="1.0" encoding="UTF-8"?>
<!-- Generated by org.testng.reporters.JUnitReportReporter -->
<testsuite hostname="DESKTOP-6OC4MF1" failures="0" tests="1" name="com.Automedsys.testcases.LoginPageTest" time="22.201" errors="0" timestamp="2023-08-08T19:25:15 WAT" skipped="0">
  <testcase classname="com.Automedsys.testcases.LoginPageTest" name="Login" time="22.201"/>
</testsuite> <!-- com.Automedsys.testcases.LoginPageTest -->
