<?xml version="1.0" encoding="UTF-8"?>
<!-- Generated by org.testng.reporters.JUnitReportReporter -->
<testsuite hostname="DESKTOP-6OC4MF1" failures="0" tests="1" name="com.Automedsys.testcases.HomePageTest" time="22.343" errors="0" timestamp="2023-08-10T17:28:22 WAT" skipped="0">
  <testcase classname="com.Automedsys.testcases.HomePageTest" name="addpatientbtn" time="22.343"/>
</testsuite> <!-- com.Automedsys.testcases.HomePageTest -->
