<?xml version="1.0" encoding="UTF-8"?>
<!-- Generated by org.testng.reporters.JUnitReportReporter -->
<testsuite hostname="DESKTOP-6OC4MF1" failures="0" tests="2" name="com.Automedsys.testcases.LoginPageTest" time="0.434" errors="0" timestamp="2023-08-14T01:22:05 WAT" skipped="0">
  <testcase classname="com.Automedsys.testcases.LoginPageTest" name="verifyLogo" time="0.045"/>
  <testcase classname="com.Automedsys.testcases.LoginPageTest" name="Login" time="0.389"/>
</testsuite> <!-- com.Automedsys.testcases.LoginPageTest -->
