<?xml version="1.0" encoding="UTF-8"?>
<!-- Generated by org.testng.reporters.JUnitReportReporter -->
<testsuite hostname="DESKTOP-6OC4MF1" failures="0" tests="1" name="com.Automedsys.testcases.HomePageTest" time="4.900" errors="0" timestamp="2023-08-14T01:21:27 WAT" skipped="0">
  <testcase classname="com.Automedsys.testcases.HomePageTest" name="addpatientbtn" time="4.900"/>
</testsuite> <!-- com.Automedsys.testcases.HomePageTest -->
