<?xml version="1.0" encoding="UTF-8"?>
<!-- Generated by org.testng.reporters.JUnitReportReporter -->
<testsuite hostname="DESKTOP-6OC4MF1" failures="0" tests="2" name="com.Automedsys.testcases.LoginPageTest" time="31.277" errors="0" timestamp="2023-08-10T17:29:07 WAT" skipped="0">
  <testcase classname="com.Automedsys.testcases.LoginPageTest" name="verifyLogo" time="11.737"/>
  <testcase classname="com.Automedsys.testcases.LoginPageTest" name="Login" time="19.540"/>
</testsuite> <!-- com.Automedsys.testcases.LoginPageTest -->
